<?xml version="1.0" encoding="UTF-8"?>
<!-- Generated by org.testng.reporters.JUnitReportReporter -->
<testsuite name="run.test.api.TestAuspostApi" tests="2" time="2.384" ignored="0" failures="0" timestamp="26 Sep 2020 09:43:10 GMT" skipped="0" hostname="Zaiweis-MacBook-Air.local" errors="0">
  <testcase name="test_calculate_total_delivery_price_with_regual_api" time="0.270" classname="run.test.api.TestAuspostApi"/>
  <testcase name="test_calculate_total_delivery_price_with_express_api" time="2.114" classname="run.test.api.TestAuspostApi"/>
</testsuite> <!-- run.test.api.TestAuspostApi -->
