<?xml version="1.0" encoding="UTF-8"?>
<!-- Generated by org.testng.reporters.JUnitReportReporter -->
<testsuite name="run.test.ui.RunTest" tests="2" time="18.878" ignored="0" failures="0" timestamp="26 Sep 2020 09:43:10 GMT" skipped="0" hostname="Zaiweis-MacBook-Air.local" errors="0">
  <testcase name="runScenario" time="7.981" classname="run.test.ui.RunTest"/>
  <testcase name="runScenario" time="10.897" classname="run.test.ui.RunTest"/>
</testsuite> <!-- run.test.ui.RunTest -->
