<?xml version="1.0" encoding="UTF-8"?>
<!-- Generated by org.testng.reporters.JUnitReportReporter -->
<testsuite name="run.test.ui.RunTest" tests="2" time="25.536" ignored="0" failures="0" timestamp="12 Nov 2020 03:20:30 GMT" skipped="0" hostname="Zaiweis-MacBook-Air.local" errors="0">
  <testcase name="runScenario" time="7.209" classname="run.test.ui.RunTest"/>
  <testcase name="runScenario" time="18.327" classname="run.test.ui.RunTest"/>
</testsuite> <!-- run.test.ui.RunTest -->
