<?xml version="1.0" encoding="UTF-8"?>
<!-- Generated by org.testng.reporters.JUnitReportReporter -->
<testsuite name="run.test.api.TestPostageCost" tests="3" time="2.367" ignored="0" failures="0" timestamp="11 Jul 2021 12:02:42 GMT" skipped="0" hostname="Zaiweis-MacBook-Air.local" errors="0">
  <testcase name="test_calculate_total_delivery_price" time="0.186" classname="run.test.api.TestPostageCost"/>
  <testcase name="test_retrieve_post_parcel_sizes" time="1.913" classname="run.test.api.TestPostageCost"/>
  <testcase name="test_postage_and_extra_cover" time="0.268" classname="run.test.api.TestPostageCost"/>
</testsuite> <!-- run.test.api.TestPostageCost -->
