<?xml version="1.0" encoding="UTF-8"?>
<!-- Generated by org.testng.reporters.JUnitReportReporter -->
<testsuite name="run.test.api.testAuspostApi" tests="2" time="3.036" ignored="0" failures="0" timestamp="26 Sep 2020 08:20:31 GMT" skipped="0" hostname="Zaiweis-MacBook-Air.local" errors="0">
  <testcase name="test_calculate_total_delivery_price_with_regual_api" time="0.285" classname="run.test.api.testAuspostApi"/>
  <testcase name="test_calculate_total_delivery_price_with_express_api" time="2.751" classname="run.test.api.testAuspostApi"/>
</testsuite> <!-- run.test.api.testAuspostApi -->
