<?xml version="1.0" encoding="UTF-8"?>
<!-- Generated by org.testng.reporters.JUnitReportReporter -->
<testsuite name="run.test.ui.runTest" tests="2" time="18.195" ignored="0" failures="0" timestamp="26 Sep 2020 08:20:31 GMT" skipped="0" hostname="Zaiweis-MacBook-Air.local" errors="0">
  <testcase name="runScenario" time="10.690" classname="run.test.ui.runTest"/>
  <testcase name="runScenario" time="7.505" classname="run.test.ui.runTest"/>
</testsuite> <!-- run.test.ui.runTest -->
