<?xml version="1.0" encoding="UTF-8"?>
<!-- Generated by org.testng.reporters.JUnitReportReporter -->
<testsuite name="run.test.api.TestPostageCost" tests="3" time="1.454" ignored="2" failures="0" timestamp="11 Jul 2021 10:23:17 GMT" skipped="0" hostname="Zaiweis-MacBook-Air.local" errors="0">
  <testcase name="test_calculate_total_delivery_price" time="1.150" classname="run.test.api.TestPostageCost"/>
  <testcase name="test_postage_and_extra_cover" time="0.154" classname="run.test.api.TestPostageCost"/>
  <testcase name="test_retrieve_post_parcel_sizes" time="0.150" classname="run.test.api.TestPostageCost"/>
  <testcase name="test_postage_cost" classname="run.test.api.TestPostageCost">
    <skipped/>
  </testcase> <!-- test_postage_cost -->
  <testcase name="test_country" classname="run.test.api.TestPostageCost">
    <skipped/>
  </testcase> <!-- test_country -->
</testsuite> <!-- run.test.api.TestPostageCost -->
