<?xml version="1.0" encoding="UTF-8"?>
<!-- Generated by org.testng.reporters.JUnitReportReporter -->
<testsuite name="run.test.ui.RunTest" tests="2" time="17.862" ignored="0" failures="0" timestamp="26 Sep 2020 09:54:06 GMT" skipped="0" hostname="Zaiweis-MacBook-Air.local" errors="0">
  <testcase name="runScenario" time="7.798" classname="run.test.ui.RunTest"/>
  <testcase name="runScenario" time="10.064" classname="run.test.ui.RunTest"/>
</testsuite> <!-- run.test.ui.RunTest -->
